=== GALA KV Store Demo ===

--- Basic Operations ---
Store size: 3
Get name: [OK] value=Alice
Get missing: [NOT FOUND] key=missing
Language is: GALA
After delete city, size: 2
City exists: false
Name exists: true
GetOrDefault name: Alice
GetOrDefault city: N/A

--- TTL Operations ---
Get session: [OK] value=abc123
Get token: [OK] value=xyz789
Session exists: true
Session has expiry: true
Language has expiry: false

--- Query Operations ---
Permanent entries: 2
Expirable entries: 2
Value map size: 4
Name from value map: Alice
Session from value map: abc123
All values non-empty: true
Has TTL entries: true
Multi-get results: 3
  [OK] value=Alice
  [NOT FOUND] key=missing
  [OK] value=GALA

--- Result Formatting ---
[OK] Value stored successfully
[NOT FOUND] key=missing_key
[EXPIRED] key=old_session
okResult.isOk: true
okResult.isNotFound: false
notFoundResult.isNotFound: true

--- Cleanup ---
Before cleanup: 5 entries
Expired key exists: false
Get expired key: [EXPIRED] key=expired_key
After cleanup: 4 entries

--- Time Utilities ---
Unix epoch: 1970-01-01T00:00:00Z
Known time: 2024-01-01T00:00:00Z
Year: 2024, Month: 1, Day: 1
5min + 30sec = 5m30s
Total seconds: 330
Earlier before later: true
Duration between: 1000 seconds

=== Demo Complete ===
